<?xml version='1.1' encoding='UTF-8'?>
<result plugin="junit@1.24">
  <suites>
    <suite>
      <file>/var/jenkins_home/jobs/OOSE-Jenkins-Slave-Java-Test/workspace/notificationservice/target/surefire-reports/TEST-nl.asd.demo.notificationservice.MailGatewayTest.xml</file>
      <name>nl.asd.demo.notificationservice.MailGatewayTest</name>
      <duration>4.98</duration>
      <time>4.98</time>
      <enclosingBlocks/>
      <enclosingBlockNames/>
      <cases>
        <case>
          <duration>4.262</duration>
          <className>nl.asd.demo.notificationservice.MailGatewayTest</className>
          <testName>gatewayDeliversCorrectMessageAtTransport</testName>
          <skipped>false</skipped>
          <failedSince>0</failedSince>
        </case>
      </cases>
    </suite>
    <suite>
      <file>/var/jenkins_home/jobs/OOSE-Jenkins-Slave-Java-Test/workspace/notificationservice/target/surefire-reports/TEST-nl.asd.demo.notificationservice.MailServiceTest.xml</file>
      <name>nl.asd.demo.notificationservice.MailServiceTest</name>
      <duration>0.001</duration>
      <time>0.001</time>
      <enclosingBlocks/>
      <enclosingBlockNames/>
      <cases>
        <case>
          <duration>0.0</duration>
          <className>nl.asd.demo.notificationservice.MailServiceTest</className>
          <testName>validReceiverAndMessageLetsGatewayDoTheWork</testName>
          <skipped>false</skipped>
          <failedSince>0</failedSince>
        </case>
        <case>
          <duration>0.0</duration>
          <className>nl.asd.demo.notificationservice.MailServiceTest</className>
          <testName>emptyMessageThrowsIllegalArgumentException</testName>
          <skipped>false</skipped>
          <failedSince>0</failedSince>
        </case>
        <case>
          <duration>0.0</duration>
          <className>nl.asd.demo.notificationservice.MailServiceTest</className>
          <testName>emptyReceiverThrowsIllegalArgumentException</testName>
          <skipped>false</skipped>
          <failedSince>0</failedSince>
        </case>
        <case>
          <duration>0.0</duration>
          <className>nl.asd.demo.notificationservice.MailServiceTest</className>
          <testName>whenGatewayCannotSendMessageTheExceptionIsLogged</testName>
          <skipped>false</skipped>
          <failedSince>0</failedSince>
        </case>
      </cases>
    </suite>
    <suite>
      <file>/var/jenkins_home/jobs/OOSE-Jenkins-Slave-Java-Test/workspace/notificationservice/target/surefire-reports/TEST-nl.asd.demo.notificationservice.MailSessionFactoryTest.xml</file>
      <name>nl.asd.demo.notificationservice.MailSessionFactoryTest</name>
      <duration>0.153</duration>
      <time>0.153</time>
      <enclosingBlocks/>
      <enclosingBlockNames/>
      <cases>
        <case>
          <duration>0.056</duration>
          <className>nl.asd.demo.notificationservice.MailSessionFactoryTest</className>
          <testName>whenFactoryCreatedPasswordAuthenticationIsSet</testName>
          <skipped>false</skipped>
          <failedSince>0</failedSince>
        </case>
        <case>
          <duration>0.005</duration>
          <className>nl.asd.demo.notificationservice.MailSessionFactoryTest</className>
          <testName>whenFactoryCreatedSessionIsNotNull</testName>
          <skipped>false</skipped>
          <failedSince>0</failedSince>
        </case>
        <case>
          <duration>0.087</duration>
          <className>nl.asd.demo.notificationservice.MailSessionFactoryTest</className>
          <testName>whenFactoryCreatedAllPropertiesAreSet</testName>
          <skipped>false</skipped>
          <failedSince>0</failedSince>
        </case>
      </cases>
    </suite>
    <suite>
      <file>/var/jenkins_home/jobs/OOSE-Jenkins-Slave-Java-Test/workspace/notificationservice/target/surefire-reports/TEST-nl.asd.demo.notificationservice.SMTPConnectionPropertiesTest.xml</file>
      <name>nl.asd.demo.notificationservice.SMTPConnectionPropertiesTest</name>
      <duration>0.148</duration>
      <time>0.148</time>
      <enclosingBlocks/>
      <enclosingBlockNames/>
      <cases>
        <case>
          <duration>0.0</duration>
          <className>nl.asd.demo.notificationservice.SMTPConnectionPropertiesTest</className>
          <testName>checkNumberOfPropertiesInTestResources</testName>
          <skipped>false</skipped>
          <failedSince>0</failedSince>
        </case>
        <case>
          <duration>0.109</duration>
          <className>nl.asd.demo.notificationservice.SMTPConnectionPropertiesTest</className>
          <testName>whenPropertyfileCannotBeLoadedTheLoggerIsCalled</testName>
          <skipped>false</skipped>
          <failedSince>0</failedSince>
        </case>
      </cases>
    </suite>
  </suites>
  <duration>5.2819996</duration>
  <keepLongStdio>false</keepLongStdio>
</result>