<?xml version='1.1' encoding='UTF-8'?>
<result plugin="junit@1.24">
  <suites>
    <suite>
      <file>/var/jenkins_home/jobs/OOSE-Jenkins-Slave-Java-Test/workspace/notificationservice/target/surefire-reports/TEST-nl.asd.demo.notificationservice.MailGatewayTest.xml</file>
      <name>nl.asd.demo.notificationservice.MailGatewayTest</name>
      <duration>17.667</duration>
      <time>17.667</time>
      <enclosingBlocks/>
      <enclosingBlockNames/>
      <cases>
        <case>
          <duration>13.055</duration>
          <className>nl.asd.demo.notificationservice.MailGatewayTest</className>
          <testName>gatewayDeliversCorrectMessageAtTransport</testName>
          <skipped>false</skipped>
          <failedSince>0</failedSince>
        </case>
      </cases>
    </suite>
    <suite>
      <file>/var/jenkins_home/jobs/OOSE-Jenkins-Slave-Java-Test/workspace/notificationservice/target/surefire-reports/TEST-nl.asd.demo.notificationservice.MailServiceTest.xml</file>
      <name>nl.asd.demo.notificationservice.MailServiceTest</name>
      <duration>0.14</duration>
      <time>0.14</time>
      <enclosingBlocks/>
      <enclosingBlockNames/>
      <cases>
        <case>
          <duration>0.0</duration>
          <className>nl.asd.demo.notificationservice.MailServiceTest</className>
          <testName>validReceiverAndMessageLetsGatewayDoTheWork</testName>
          <skipped>false</skipped>
          <failedSince>0</failedSince>
        </case>
        <case>
          <duration>0.003</duration>
          <className>nl.asd.demo.notificationservice.MailServiceTest</className>
          <testName>emptyMessageThrowsIllegalArgumentException</testName>
          <skipped>false</skipped>
          <failedSince>0</failedSince>
        </case>
        <case>
          <duration>0.001</duration>
          <className>nl.asd.demo.notificationservice.MailServiceTest</className>
          <testName>emptyReceiverThrowsIllegalArgumentException</testName>
          <skipped>false</skipped>
          <failedSince>0</failedSince>
        </case>
        <case>
          <duration>0.123</duration>
          <className>nl.asd.demo.notificationservice.MailServiceTest</className>
          <testName>whenGatewayCannotSendMessageTheExceptionIsLogged</testName>
          <skipped>false</skipped>
          <failedSince>0</failedSince>
        </case>
      </cases>
    </suite>
    <suite>
      <file>/var/jenkins_home/jobs/OOSE-Jenkins-Slave-Java-Test/workspace/notificationservice/target/surefire-reports/TEST-nl.asd.demo.notificationservice.MailSessionFactoryTest.xml</file>
      <name>nl.asd.demo.notificationservice.MailSessionFactoryTest</name>
      <duration>0.75</duration>
      <time>0.75</time>
      <enclosingBlocks/>
      <enclosingBlockNames/>
      <cases>
        <case>
          <duration>0.344</duration>
          <className>nl.asd.demo.notificationservice.MailSessionFactoryTest</className>
          <testName>whenFactoryCreatedPasswordAuthenticationIsSet</testName>
          <skipped>false</skipped>
          <failedSince>0</failedSince>
        </case>
        <case>
          <duration>0.272</duration>
          <className>nl.asd.demo.notificationservice.MailSessionFactoryTest</className>
          <testName>whenFactoryCreatedSessionIsNotNull</testName>
          <skipped>false</skipped>
          <failedSince>0</failedSince>
        </case>
        <case>
          <duration>0.051</duration>
          <className>nl.asd.demo.notificationservice.MailSessionFactoryTest</className>
          <testName>whenFactoryCreatedAllPropertiesAreSet</testName>
          <skipped>false</skipped>
          <failedSince>0</failedSince>
        </case>
      </cases>
    </suite>
    <suite>
      <file>/var/jenkins_home/jobs/OOSE-Jenkins-Slave-Java-Test/workspace/notificationservice/target/surefire-reports/TEST-nl.asd.demo.notificationservice.SMTPConnectionPropertiesTest.xml</file>
      <name>nl.asd.demo.notificationservice.SMTPConnectionPropertiesTest</name>
      <duration>1.112</duration>
      <time>1.112</time>
      <enclosingBlocks/>
      <enclosingBlockNames/>
      <cases>
        <case>
          <duration>0.073</duration>
          <className>nl.asd.demo.notificationservice.SMTPConnectionPropertiesTest</className>
          <testName>checkNumberOfPropertiesInTestResources</testName>
          <skipped>false</skipped>
          <failedSince>0</failedSince>
        </case>
        <case>
          <duration>0.374</duration>
          <className>nl.asd.demo.notificationservice.SMTPConnectionPropertiesTest</className>
          <testName>whenPropertyfileCannotBeLoadedTheLoggerIsCalled</testName>
          <skipped>false</skipped>
          <failedSince>0</failedSince>
        </case>
      </cases>
    </suite>
  </suites>
  <duration>19.668999</duration>
  <keepLongStdio>false</keepLongStdio>
</result>