<?xml version='1.1' encoding='UTF-8'?>
<result plugin="junit@1.24">
  <suites>
    <suite>
      <file>/var/jenkins_home/jobs/OOSE-Jenkins-Slave-Java-Test/workspace/logservice/target/surefire-reports/TEST-nl.asd.demo.logservice.FileLogServiceRemoteFacadeTest.xml</file>
      <name>nl.asd.demo.logservice.FileLogServiceRemoteFacadeTest</name>
      <duration>0.084</duration>
      <time>0.084</time>
      <enclosingBlocks/>
      <enclosingBlockNames/>
      <cases>
        <case>
          <duration>0.064</duration>
          <className>nl.asd.demo.logservice.FileLogServiceRemoteFacadeTest</className>
          <testName>logMessageIsSuccesfullyPassedToFileLogger</testName>
          <skipped>false</skipped>
          <failedSince>0</failedSince>
        </case>
        <case>
          <duration>0.001</duration>
          <className>nl.asd.demo.logservice.FileLogServiceRemoteFacadeTest</className>
          <testName>logAvailableCheckIsSuccesfullyPassedToFileLogger</testName>
          <skipped>false</skipped>
          <failedSince>0</failedSince>
        </case>
      </cases>
    </suite>
    <suite>
      <file>/var/jenkins_home/jobs/OOSE-Jenkins-Slave-Java-Test/workspace/logservice/target/surefire-reports/TEST-nl.asd.demo.logservice.FileLoggerTest.xml</file>
      <name>nl.asd.demo.logservice.FileLoggerTest</name>
      <duration>2.35</duration>
      <time>2.35</time>
      <enclosingBlocks/>
      <enclosingBlockNames/>
      <cases>
        <case>
          <duration>0.08</duration>
          <className>nl.asd.demo.logservice.FileLoggerTest</className>
          <testName>afterLoggingAMessageWithACertainLevelTheLogIsAvailable</testName>
          <skipped>false</skipped>
          <failedSince>0</failedSince>
        </case>
      </cases>
    </suite>
  </suites>
  <duration>2.434</duration>
  <keepLongStdio>false</keepLongStdio>
</result>